<?xml version="1.0" encoding="UTF-8"?>
<!-- Generated by org.testng.reporters.JUnitXMLReporter -->
<testsuite ignored="0" hostname="DESKTOP-KANSG4L" failures="1" tests="8" name="chromeTest" time="60.6" errors="0" timestamp="2023-06-22T21:48:27 IST">
  <testcase classname="executePageClasses.ExecuteWorkersPageClass" name="verifyToCreateANewWorker" time="6.964"/>
  <testcase classname="executePageClasses.ExecuteWorkersPageClass" name="verifySearchFunctionality" time="2.71">
    <skipped/>
  </testcase> <!-- verifySearchFunctionality -->
  <testcase classname="executePageClasses.ExecuteWorkersPageClass" name="verifySearchFunctionality" time="2.67">
    <skipped/>
  </testcase> <!-- verifySearchFunctionality -->
  <testcase classname="executePageClasses.ExecuteWorkersPageClass" name="verifySearchFunctionality" time="2.713">
    <skipped/>
  </testcase> <!-- verifySearchFunctionality -->
  <testcase classname="executePageClasses.ExecuteWorkersPageClass" name="verifySearchFunctionality" time="2.866">
    <skipped/>
  </testcase> <!-- verifySearchFunctionality -->
  <testcase classname="executePageClasses.ExecuteWorkersPageClass" name="verifySearchFunctionality" time="2.735">
    <skipped/>
  </testcase> <!-- verifySearchFunctionality -->
  <testcase classname="executePageClasses.ExecuteWorkersPageClass" name="verifySearchFunctionality" time="2.678">
    <failure type="java.lang.AssertionError" message="expected [false] but found [true]">
      <![CDATA[java.lang.AssertionError: expected [false] but found [true]
at executePageClasses.ExecuteWorkersPageClass.verifySearchFunctionality(ExecuteWorkersPageClass.java:66)
at java.base/java.util.ArrayList.forEach(ArrayList.java:1541)
... Removed 31 stack frames]]>
    </failure>
  </testcase> <!-- verifySearchFunctionality -->
  <testcase classname="executePageClasses.ExecuteWorkersPageClass" name="verifyDeleteFunctionality" time="2.814"/>
</testsuite> <!-- chromeTest -->
