<?xml version="1.0" encoding="UTF-8"?>
<!-- Generated by org.testng.reporters.JUnitXMLReporter -->
<testsuite ignored="0" hostname="DESKTOP-KANSG4L" failures="0" tests="2" name="edgeTest" time="20.27" errors="0" timestamp="2023-06-23T20:45:21 IST">
  <testcase classname="executePageClasses.ExecuteDedudctionPageClass" name="verifyDeductionPageOpeiningWhileClickingDeductionTab" time="3.928"/>
  <testcase classname="executePageClasses.ExecuteDedudctionPageClass" name="verifyToCreateANewDedudction" time="5.669"/>
</testsuite> <!-- edgeTest -->
