<?xml version="1.0" encoding="UTF-8"?>
<!-- Generated by org.testng.reporters.JUnitXMLReporter -->
<testsuite ignored="1" hostname="DESKTOP-KANSG4L" failures="0" tests="1" name="grouping" time="11.766" errors="0" timestamp="2023-06-22T20:50:15 IST">
  <testcase classname="executePageClasses.ExecuteClientsPageClass" name="verifyToCreateANewClient" time="6.136"/>
  <testcase classname="executePageClasses.ExecuteClientsPageClass" name="verifySearchFunctionality" time="0.0">
    <ignored/>
  </testcase> <!-- verifySearchFunctionality -->
</testsuite> <!-- grouping -->
