<?xml version="1.0" encoding="UTF-8"?>
<testng-results ignored="0" total="1" passed="1" failed="0" skipped="0">
  <reporter-output>
  </reporter-output>
  <suite started-at="2023-06-24T20:32:31 IST" name="Suite" finished-at="2023-06-24T20:32:43 IST" duration-ms="12349">
    <groups>
    </groups>
    <test started-at="2023-06-24T20:32:31 IST" name="chromeTest" finished-at="2023-06-24T20:32:43 IST" duration-ms="11659">
      <class name="executePageClasses.ExecuteTimesheetPageClass">
        <test-method is-config="true" signature="beforeMethod(java.lang.String)[pri:0, instance:executePageClasses.ExecuteTimesheetPageClass@e54303]" started-at="2023-06-24T20:32:31 IST" name="beforeMethod" finished-at="2023-06-24T20:32:37 IST" duration-ms="6152" status="PASS">
          <params>
            <param index="0">
              <value>
                <![CDATA[chrome]]>
              </value>
            </param>
          </params>
          <reporter-output>
          </reporter-output>
        </test-method> <!-- beforeMethod -->
        <test-method signature="VerifyToCreateANewTimesheet()[pri:0, instance:executePageClasses.ExecuteTimesheetPageClass@e54303]" started-at="2023-06-24T20:32:37 IST" name="VerifyToCreateANewTimesheet" finished-at="2023-06-24T20:32:43 IST" duration-ms="5445" status="PASS">
          <reporter-output>
          </reporter-output>
        </test-method> <!-- VerifyToCreateANewTimesheet -->
        <test-method is-config="true" signature="afterMethod(org.testng.ITestResult)[pri:0, instance:executePageClasses.ExecuteTimesheetPageClass@e54303]" started-at="2023-06-24T20:32:43 IST" name="afterMethod" finished-at="2023-06-24T20:32:43 IST" duration-ms="1" status="PASS">
          <params>
            <param index="0">
              <value>
                <![CDATA[[TestResult name=VerifyToCreateANewTimesheet status=SUCCESS method=ExecuteTimesheetPageClass.VerifyToCreateANewTimesheet()[pri:0, instance:executePageClasses.ExecuteTimesheetPageClass@e54303] output={null}]]]>
              </value>
            </param>
          </params>
          <reporter-output>
          </reporter-output>
        </test-method> <!-- afterMethod -->
      </class> <!-- executePageClasses.ExecuteTimesheetPageClass -->
    </test> <!-- chromeTest -->
    <test started-at="2023-06-24T20:32:43 IST" name="edgeTest" finished-at="2023-06-24T20:32:43 IST" duration-ms="3">
      <class name="executePageClasses.ExecuteTimesheetPageClass">
        <test-method is-config="true" signature="createReport(org.testng.ITestContext)[pri:0, instance:executePageClasses.ExecuteTimesheetPageClass@e54303]" started-at="2023-06-24T20:32:31 IST" name="createReport" finished-at="2023-06-24T20:32:31 IST" duration-ms="28" status="PASS">
          <params>
            <param index="0">
              <value>
                <![CDATA[org.testng.TestRunner@66e21568]]>
              </value>
            </param>
          </params>
          <reporter-output>
          </reporter-output>
        </test-method> <!-- createReport -->
      </class> <!-- executePageClasses.ExecuteTimesheetPageClass -->
    </test> <!-- edgeTest -->
  </suite> <!-- Suite -->
</testng-results>
